CREATE TABLE FirstTable (
  id serial PRIMARY KEY,
  name varchar (50),
  location varchar(50) check (location in ('north', 'south', 'east', 'west')),
  create_date date
);

INSERT INTO FirstTable (name, location, create_date) VALUES ('pirveli', 'west', '2022-01-19');
INSERT INTO FirstTable (name, location, create_date) VALUES ('meore', 'east', '2022-01-22');
[]: AAAAA BBBBBBWed Jan 19 18:05:53 2022
[]: 22222222
[]: AAAAA BBBBBBWed Jan 19 18:06:54 2022
[]: 22222222
[]: AAAAA BBBBBBWed Jan 19 18:07:18 2022
[]: 22222222
[]: AAAAA BBBBBBWed Jan 19 18:12:47 2022
[]: 22222222
[]: AAAAA BBBBBBWed Jan 19 18:14:06 2022
[]: 22222222
[]: AAAAA BBBBBBWed Jan 19 18:15:02 2022
[]: 22222222
[]: AAAAA BBBBBBWed Jan 19 18:16:01 2022
[]: 22222222
[]: AAAAA BBBBBBWed Jan 19 18:19:21 2022
[]: 22222222
[]: AAAAA BBBBBBWed Jan 19 18:23:45 2022
[]: 22222222
[]: AAAAA BBBBBBWed Jan 19 18:32:58 2022
[]: 22222222
[]: AAAAA BBBBBBWed Jan 19 18:33:18 2022
[]: 22222222
[]: AAAAA BBBBBBWed Jan 19 18:33:40 2022
[]: 22222222
[]: AAAAA BBBBBBWed Jan 19 18:34:23 2022
[]: 22222222
[]: AAAAA BBBBBBMon Jan 24 15:08:03 2022
[]: 22222222
[]: AAAAA BBBBBBMon Jan 24 15:12:21 2022
[]: 22222222
[]: AAAAA BBBBBBMon Jan 24 15:30:50 2022
[]: 22222222
[]: AAAAA BBBBBBMon Jan 24 15:47:45 2022
[]: 22222222
[]: AAAAA BBBBBBMon Jan 24 15:48:11 2022
[]: 22222222
[]: AAAAA BBBBBBMon Jan 24 16:01:54 2022
[]: 22222222
[]: AAAAA BBBBBBMon Jan 24 16:02:33 2022
[]: 22222222
[]: AAAAA BBBBBBMon Jan 24 16:03:19 2022
[]: 22222222
[]: AAAAA BBBBBBMon Jan 24 16:04:23 2022
[]: 22222222
[]: AAAAA BBBBBBMon Jan 24 16:06:21 2022
[]: 22222222
[]: AAAAA BBBBBBMon Jan 24 16:09:15 2022
[]: 22222222
